#
# A fatal error has been detected by the Java Runtime Environment:
#
#  EXCEPTION_ACCESS_VIOLATION (0xc0000005) at pc=0x0000000008b72604, pid=3640, tid=1780
#
# JRE version: Java(TM) SE Runtime Environment (7.0_45-b18) (build 1.7.0_45-b18)
# Java VM: Java HotSpot(TM) 64-Bit Server VM (24.45-b08 mixed mode windows-amd64 compressed oops)
# Problematic frame:
# C  0x0000000008b72604
#
# Failed to write core dump. Minidumps are not enabled by default on client versions of Windows
#
# If you would like to submit a bug report, please visit:
#   http://bugreport.sun.com/bugreport/crash.jsp
# The crash happened outside the Java Virtual Machine in native code.
# See problematic frame for where to report the bug.
#

---------------  T H R E A D  ---------------

Current thread (0x00000000021bd800):  JavaThread "main" [_thread_in_native, id=1780, stack(0x0000000002400000,0x0000000002500000)]

siginfo: ExceptionCode=0xc0000005, reading address 0x0000000000000000

Registers:
RAX=0x000000000bf4b9f8, RBX=0x0000000005890000, RCX=0x0000000000000000, RDX=0x000000000000002e
RSP=0x00000000024fee80, RBP=0x0000000039dfdef8, RSI=0x0000000000000000, RDI=0x0000000000000000
R8 =0x0000000000000000, R9 =0x000000000000002e, R10=0x0000000000000286, R11=0x0000000000430158
R12=0x0000000000000000, R13=0x0000000008b72580, R14=0x000000000000000b, R15=0x000000000000002e
RIP=0x0000000008b72604, EFLAGS=0x0000000000010246

Top of Stack: (sp=0x00000000024fee80)
0x00000000024fee80:   ffffffff9bac1b68 0000000000000000
0x00000000024fee90:   0000000000000212 0000000005890000
0x00000000024feea0:   000000000000002e 0000000065c2224a
0x00000000024feeb0:   0000000000000004 0000000065c0745a
0x00000000024feec0:   0000000005890000 0000000000000000
0x00000000024feed0:   00000000021bd800 0000000000000004
0x00000000024feee0:   000000000a903e50 0000000000000240
0x00000000024feef0:   0000000000000000 0000000065c20107
0x00000000024fef00:   0000000000000000 00000000bb9ac920
0x00000000024fef10:   0000000005890000 0000000000000000
0x00000000024fef20:   0000000000004103 0080000000000000
0x00000000024fef30:   00000000024ff138 0000000065d81e3d
0x00000000024fef40:   0000000005890000 00000000024ff0f8
0x00000000024fef50:   0000000000000000 0000000000000004
0x00000000024fef60:   00000000021bd800 0000000000000000
0x00000000024fef70:   0000000000000004 00000000659b88c8 

Instructions: (pc=0x0000000008b72604)
0x0000000008b725e4:   78 08 48 be 18 ba 8d 05 00 00 00 00 48 8b 36 48
0x0000000008b725f4:   8b b6 c0 03 00 00 48 8b f9 48 c1 e7 04 48 03 f7
0x0000000008b72604:   8b 3e 8b 6e 04 89 78 0c 89 68 10 8b 7e 08 8b 6e
0x0000000008b72614:   0c 89 78 14 89 68 18 48 be 18 ba 8d 05 00 00 00 


Register to memory mapping:

RAX=0x000000000bf4b9f8 is an unknown value
RBX=0x0000000005890000 is an unknown value
RCX=0x0000000000000000 is an unknown value
RDX=0x000000000000002e is an unknown value
RSP=0x00000000024fee80 is pointing into the stack for thread: 0x00000000021bd800
RBP=0x0000000039dfdef8 is an unknown value
RSI=0x0000000000000000 is an unknown value
RDI=0x0000000000000000 is an unknown value
R8 =0x0000000000000000 is an unknown value
R9 =0x000000000000002e is an unknown value
R10=0x0000000000000286 is an unknown value
R11=0x0000000000430158 is an unknown value
R12=0x0000000000000000 is an unknown value
R13=0x0000000008b72580 is an unknown value
R14=0x000000000000000b is an unknown value
R15=0x000000000000002e is an unknown value


Stack: [0x0000000002400000,0x0000000002500000],  sp=0x00000000024fee80,  free space=1019k
Native frames: (J=compiled Java code, j=interpreted, Vv=VM code, C=native code)
C  0x0000000008b72604

[error occurred during error reporting (printing native stack), id 0xc0000005]

Java frames: (J=compiled Java code, j=interpreted, Vv=VM code)
j  org.lwjgl.opengl.GL11.nglDrawArrays(IIIJ)V+0
j  org.lwjgl.opengl.GL11.glDrawArrays(III)V+20
j  patient04.resources.Model$Group.drawBuffer(Lpatient04/rendering/Renderer;)V+154
j  patient04.resources.Model.draw(Lpatient04/rendering/Renderer;)V+34
j  patient04.level.Solid.draw(Lpatient04/rendering/Renderer;)V+164
j  patient04.states.Game.render()V+29
j  patient04.Main.main([Ljava/lang/String;)V+265
v  ~StubRoutines::call_stub

---------------  P R O C E S S  ---------------

Java Threads: ( => current thread )
  0x0000000008155800 JavaThread "Service Thread" daemon [_thread_blocked, id=2956, stack(0x00000000095e0000,0x00000000096e0000)]
  0x0000000008153000 JavaThread "C2 CompilerThread1" daemon [_thread_blocked, id=2984, stack(0x00000000093c0000,0x00000000094c0000)]
  0x000000000814d000 JavaThread "C2 CompilerThread0" daemon [_thread_in_native, id=848, stack(0x00000000092b0000,0x00000000093b0000)]
  0x000000000814b800 JavaThread "Attach Listener" daemon [_thread_blocked, id=3748, stack(0x00000000090b0000,0x00000000091b0000)]
  0x000000000814a000 JavaThread "Signal Dispatcher" daemon [_thread_blocked, id=1952, stack(0x0000000008f50000,0x0000000009050000)]
  0x000000000219d000 JavaThread "Finalizer" daemon [_thread_blocked, id=1424, stack(0x0000000008b80000,0x0000000008c80000)]
  0x0000000002197800 JavaThread "Reference Handler" daemon [_thread_blocked, id=1488, stack(0x0000000008e10000,0x0000000008f10000)]
=>0x00000000021bd800 JavaThread "main" [_thread_in_native, id=1780, stack(0x0000000002400000,0x0000000002500000)]

Other Threads:
  0x00000000080f1800 VMThread [stack: 0x0000000008ca0000,0x0000000008da0000] [id=1200]
  0x0000000008158000 WatcherThread [stack: 0x0000000009750000,0x0000000009850000] [id=2536]

VM state:not at safepoint (normal execution)

VM Mutex/Monitor currently owned by a thread: None

Heap
 PSYoungGen      total 19456K, used 16716K [0x00000000ead00000, 0x00000000ec280000, 0x0000000100000000)
  eden space 16896K, 98% used [0x00000000ead00000,0x00000000ebd532c0,0x00000000ebd80000)
  from space 2560K, 0% used [0x00000000ec000000,0x00000000ec000000,0x00000000ec280000)
  to   space 2560K, 0% used [0x00000000ebd80000,0x00000000ebd80000,0x00000000ec000000)
 ParOldGen       total 43008K, used 0K [0x00000000c0800000, 0x00000000c3200000, 0x00000000ead00000)
  object space 43008K, 0% used [0x00000000c0800000,0x00000000c0800000,0x00000000c3200000)
 PSPermGen       total 21504K, used 4911K [0x00000000bb600000, 0x00000000bcb00000, 0x00000000c0800000)
  object space 21504K, 22% used [0x00000000bb600000,0x00000000bbacbfc0,0x00000000bcb00000)

Card table byte_map: [0x0000000005500000,0x0000000005730000] byte_map_base: 0x0000000004f25000

Polling page: 0x0000000000140000

Code Cache  [0x0000000002500000, 0x0000000002770000, 0x0000000005500000)
 total_blobs=406 nmethods=85 adapters=274 free_code_cache=48485Kb largest_free_block=49632640

Compilation events (10 events):
Event: 1.115 Thread 0x0000000008153000   81             java.nio.DirectFloatBufferU::put (17 bytes)
Event: 1.115 Thread 0x000000000814d000 nmethod 80 0x000000000259df90 code [0x000000000259e0c0, 0x000000000259e118]
Event: 1.115 Thread 0x0000000008153000 nmethod 81 0x000000000259dd10 code [0x000000000259de40, 0x000000000259ded8]
Event: 1.119 Thread 0x000000000814d000   83             patient04.resources.Model::access$200 (5 bytes)
Event: 1.119 Thread 0x000000000814d000 nmethod 83 0x00000000025909d0 code [0x0000000002590b00, 0x0000000002590b58]
Event: 1.121 Thread 0x0000000008153000   84             patient04.resources.Model$Group::compileBuffer (297 bytes)
Event: 1.124 Thread 0x000000000814d000   85   !         patient04.resources.Model::loadOBJFromFile (1122 bytes)
Event: 1.136 Thread 0x0000000008153000 nmethod 84 0x0000000002599e50 code [0x000000000259a0a0, 0x000000000259ab28]
Event: 1.139 Thread 0x0000000008153000   86             java.util.regex.Pattern::sequence (553 bytes)
Event: 1.147 Thread 0x0000000008153000 nmethod 86 0x00000000025a9850 code [0x00000000025a9aa0, 0x00000000025aa1b8]

GC Heap History (0 events):
No events

Deoptimization events (10 events):
Event: 0.795 Thread 0x00000000021bd800 Uncommon trap: reason=unreached action=reinterpret pc=0x000000000257c828 method=java.io.BufferedReader.readLine(Z)Ljava/lang/String; @ 192
Event: 0.844 Thread 0x00000000021bd800 Uncommon trap: reason=array_check action=maybe_recompile pc=0x00000000025857bc method=java.util.AbstractCollection.toArray([Ljava/lang/Object;)[Ljava/lang/Object; @ 119
Event: 0.844 Thread 0x00000000021bd800 Uncommon trap: reason=array_check action=maybe_recompile pc=0x00000000025857bc method=java.util.AbstractCollection.toArray([Ljava/lang/Object;)[Ljava/lang/Object; @ 119
Event: 0.844 Thread 0x00000000021bd800 Uncommon trap: reason=array_check action=maybe_recompile pc=0x00000000025857bc method=java.util.AbstractCollection.toArray([Ljava/lang/Object;)[Ljava/lang/Object; @ 119
Event: 0.844 Thread 0x00000000021bd800 Uncommon trap: reason=array_check action=maybe_recompile pc=0x00000000025857bc method=java.util.AbstractCollection.toArray([Ljava/lang/Object;)[Ljava/lang/Object; @ 119
Event: 1.147 Thread 0x00000000021bd800 Uncommon trap: reason=unreached action=reinterpret pc=0x00000000025a9ed4 method=java.util.regex.Pattern.sequence(Ljava/util/regex/Pattern$Node;)Ljava/util/regex/Pattern$Node; @ 512
Event: 1.148 Thread 0x00000000021bd800 Uncommon trap: reason=class_check action=maybe_recompile pc=0x000000000258861c method=java.util.regex.Pattern$Node.study(Ljava/util/regex/Pattern$TreeInfo;)Z @ 12
Event: 1.148 Thread 0x00000000021bd800 Uncommon trap: reason=class_check action=maybe_recompile pc=0x000000000258861c method=java.util.regex.Pattern$Node.study(Ljava/util/regex/Pattern$TreeInfo;)Z @ 12
Event: 1.148 Thread 0x00000000021bd800 Uncommon trap: reason=class_check action=maybe_recompile pc=0x000000000258861c method=java.util.regex.Pattern$Node.study(Ljava/util/regex/Pattern$TreeInfo;)Z @ 12
Event: 1.148 Thread 0x00000000021bd800 Uncommon trap: reason=class_check action=maybe_recompile pc=0x000000000258861c method=java.util.regex.Pattern$Node.study(Ljava/util/regex/Pattern$TreeInfo;)Z @ 12

Internal exceptions (10 events):
Event: 0.742 Thread 0x00000000021bd800 Threw 0x00000000eb0e70f8 at C:\re\jdk7u45\229\hotspot\src\share\vm\prims\jvm.cpp:1244
Event: 0.743 Thread 0x00000000021bd800 Threw 0x00000000eb0e9650 at C:\re\jdk7u45\229\hotspot\src\share\vm\prims\jvm.cpp:1244
Event: 0.744 Thread 0x00000000021bd800 Threw 0x00000000eb0ecb10 at C:\re\jdk7u45\229\hotspot\src\share\vm\prims\jvm.cpp:1244
Event: 0.745 Thread 0x00000000021bd800 Threw 0x00000000eb0ef3d8 at C:\re\jdk7u45\229\hotspot\src\share\vm\prims\jvm.cpp:1244
Event: 1.123 Thread 0x00000000021bd800 Threw 0x00000000ebc335c0 at C:\re\jdk7u45\229\hotspot\src\share\vm\prims\jvm.cpp:1244
Event: 1.155 Thread 0x00000000021bd800 Threw 0x00000000ebcfb1a8 at C:\re\jdk7u45\229\hotspot\src\share\vm\prims\jvm.cpp:1244
Event: 1.155 Thread 0x00000000021bd800 Threw 0x00000000ebcfb2d0 at C:\re\jdk7u45\229\hotspot\src\share\vm\prims\jvm.cpp:1244
Event: 1.155 Thread 0x00000000021bd800 Threw 0x00000000ebcfef60 at C:\re\jdk7u45\229\hotspot\src\share\vm\prims\jvm.cpp:1244
Event: 1.155 Thread 0x00000000021bd800 Threw 0x00000000ebcff088 at C:\re\jdk7u45\229\hotspot\src\share\vm\prims\jvm.cpp:1244
Event: 1.165 Thread 0x00000000021bd800 Threw 0x00000000ebd0c118 at C:\re\jdk7u45\229\hotspot\src\share\vm\prims\jvm.cpp:1244

Events (10 events):
Event: 1.164 loading class 0x000000000e44c0b0
Event: 1.164 loading class 0x000000000e44c0b0 done
Event: 1.164 loading class 0x0000000002100540
Event: 1.164 loading class 0x0000000002100540 done
Event: 1.164 loading class 0x00000000021222d0
Event: 1.164 loading class 0x00000000021222d0 done
Event: 1.164 loading class 0x000000000e44d0f0
Event: 1.164 loading class 0x000000000e44d0f0 done
Event: 1.165 loading class 0x0000000009b06910
Event: 1.165 loading class 0x0000000009b06910 done


Dynamic libraries:
0x000000013fda0000 - 0x000000013fdd3000 	C:\Program Files\Java\jdk1.7.0_45\jre\bin\java.exe
0x0000000077540000 - 0x00000000776e9000 	C:\Windows\SYSTEM32\ntdll.dll
0x00000000771d0000 - 0x00000000772ef000 	C:\Windows\system32\kernel32.dll
0x000007fefdd00000 - 0x000007fefdd6b000 	C:\Windows\system32\KERNELBASE.dll
0x000007feff680000 - 0x000007feff75b000 	C:\Windows\system32\ADVAPI32.dll
0x000007fefe270000 - 0x000007fefe30f000 	C:\Windows\system32\msvcrt.dll
0x000007feff7d0000 - 0x000007feff7ef000 	C:\Windows\SYSTEM32\sechost.dll
0x000007fefe4c0000 - 0x000007fefe5ed000 	C:\Windows\system32\RPCRT4.dll
0x00000000772f0000 - 0x00000000773ea000 	C:\Windows\system32\USER32.dll
0x000007feff760000 - 0x000007feff7c7000 	C:\Windows\system32\GDI32.dll
0x000007fefe3a0000 - 0x000007fefe3ae000 	C:\Windows\system32\LPK.dll
0x000007fefe5f0000 - 0x000007fefe6b9000 	C:\Windows\system32\USP10.dll
0x000007fefc5f0000 - 0x000007fefc7e4000 	C:\Windows\WinSxS\amd64_microsoft.windows.common-controls_6595b64144ccf1df_6.0.7601.17514_none_fa396087175ac9ac\COMCTL32.dll
0x000007fefdd70000 - 0x000007fefdde1000 	C:\Windows\system32\SHLWAPI.dll
0x000007fefe490000 - 0x000007fefe4be000 	C:\Windows\system32\IMM32.DLL
0x000007fefdf80000 - 0x000007fefe089000 	C:\Windows\system32\MSCTF.dll
0x0000000069700000 - 0x00000000697d2000 	C:\Program Files\Java\jdk1.7.0_45\jre\bin\msvcr100.dll
0x0000000066d70000 - 0x0000000067539000 	C:\Program Files\Java\jdk1.7.0_45\jre\bin\server\jvm.dll
0x000007fef49b0000 - 0x000007fef49b9000 	C:\Windows\system32\WSOCK32.dll
0x000007fefdf30000 - 0x000007fefdf7d000 	C:\Windows\system32\WS2_32.dll
0x000007fefe310000 - 0x000007fefe318000 	C:\Windows\system32\NSI.dll
0x000007fefbca0000 - 0x000007fefbcdb000 	C:\Windows\system32\WINMM.dll
0x0000000077710000 - 0x0000000077717000 	C:\Windows\system32\PSAPI.DLL
0x00000000728a0000 - 0x00000000728af000 	C:\Program Files\Java\jdk1.7.0_45\jre\bin\verify.dll
0x0000000072440000 - 0x0000000072468000 	C:\Program Files\Java\jdk1.7.0_45\jre\bin\java.dll
0x00000000720e0000 - 0x00000000720f5000 	C:\Program Files\Java\jdk1.7.0_45\jre\bin\zip.dll
0x0000000180000000 - 0x0000000180050000 	C:\Users\Wilco\Documents\NetBeansProjects\EWI3620TU-GROUP04\native\lwjgl64.dll
0x000007fef2290000 - 0x000007fef23ad000 	C:\Windows\system32\OPENGL32.dll
0x000007fef49d0000 - 0x000007fef49fd000 	C:\Windows\system32\GLU32.dll
0x000007fef2190000 - 0x000007fef2281000 	C:\Windows\system32\DDRAW.dll
0x000007fef5b30000 - 0x000007fef5b38000 	C:\Windows\system32\DCIMAN32.dll
0x000007fefe090000 - 0x000007fefe267000 	C:\Windows\system32\SETUPAPI.dll
0x000007fefdc60000 - 0x000007fefdc96000 	C:\Windows\system32\CFGMGR32.dll
0x000007fefe3b0000 - 0x000007fefe487000 	C:\Windows\system32\OLEAUT32.dll
0x000007feff470000 - 0x000007feff673000 	C:\Windows\system32\ole32.dll
0x000007fefdca0000 - 0x000007fefdcba000 	C:\Windows\system32\DEVOBJ.dll
0x000007fefbd50000 - 0x000007fefbd68000 	C:\Windows\system32\dwmapi.dll
0x000007fefcae0000 - 0x000007fefcaec000 	C:\Windows\system32\VERSION.dll
0x000007fefc240000 - 0x000007fefc296000 	C:\Windows\system32\uxtheme.dll
0x0000000065040000 - 0x0000000066d67000 	C:\Windows\system32\nvoglv64.DLL
0x000007fefe6e0000 - 0x000007feff468000 	C:\Windows\system32\SHELL32.dll
0x000007fefdcc0000 - 0x000007fefdcfa000 	C:\Windows\system32\WINTRUST.dll
0x000007fefda50000 - 0x000007fefdbbc000 	C:\Windows\system32\CRYPT32.dll
0x000007fefda40000 - 0x000007fefda4f000 	C:\Windows\system32\MSASN1.dll
0x000007fefbce0000 - 0x000007fefbd0d000 	C:\Windows\system32\ntmarta.dll
0x000007feff7f0000 - 0x000007feff842000 	C:\Windows\system32\WLDAP32.dll
0x000007fefd8d0000 - 0x000007fefd8df000 	C:\Windows\system32\CRYPTBASE.dll
0x000007fefab50000 - 0x000007fefabec000 	C:\Windows\system32\mscms.dll
0x000007fefcce0000 - 0x000007fefccfe000 	C:\Windows\system32\USERENV.dll
0x000007fefd9a0000 - 0x000007fefd9af000 	C:\Windows\system32\profapi.dll
0x000007fef1dd0000 - 0x000007fef1e12000 	C:\Windows\system32\icm32.dll
0x000007fef6690000 - 0x000007fef67b5000 	C:\Windows\system32\dbghelp.dll

VM Arguments:
jvm_args: -Dfile.encoding=UTF-8 -Djava.library.path=native 
java_command: patient04.Main
Launcher Type: SUN_STANDARD

Environment Variables:
PATH=C:\Windows\system32;C:\Windows;C:\Windows\System32\Wbem;C:\Windows\System32\WindowsPowerShell\v1.0\;C:\Program Files\Java\jdk1.7.0_45\bin;C:\Program Files\Java\jre7\bin
USERNAME=Wilco
OS=Windows_NT
PROCESSOR_IDENTIFIER=Intel64 Family 6 Model 23 Stepping 10, GenuineIntel



---------------  S Y S T E M  ---------------

OS: Windows 7 , 64 bit Build 7601 Service Pack 1

CPU:total 2 (2 cores per cpu, 1 threads per core) family 6 model 23 stepping 10, cmov, cx8, fxsr, mmx, sse, sse2, sse3, ssse3, sse4.1, tsc

Memory: 4k page, physical 4157712k(1820620k free), swap 8313564k(5489988k free)

vm_info: Java HotSpot(TM) 64-Bit Server VM (24.45-b08) for windows-amd64 JRE (1.7.0_45-b18), built on Oct  8 2013 05:47:22 by "java_re" with unknown MS VC++:1600

time: Tue Dec 03 10:43:49 2013
elapsed time: 1 seconds

